<?xml version="1.0" encoding="UTF-8"?>
<!-- Generated by org.testng.reporters.JUnitXMLReporter -->
<testsuite ignored="0" hostname="DESKTOP-5A4UTNH" failures="0" tests="3" name="Default test" time="23.852" errors="0" timestamp="2024-09-12T15:48:21 IST">
  <testcase classname="com.qa.opencart.tests.LoginTest" name="loginPageNavigationTest" time="1.488"/>
  <testcase classname="com.qa.opencart.tests.LoginTest" name="forgotPasswordLinkTest" time="0.039"/>
  <testcase classname="com.qa.opencart.tests.LoginTest" name="loginTest" time="0.926"/>
</testsuite> <!-- Default test -->
