<?xml version="1.0" encoding="UTF-8"?>
<!-- Generated by org.testng.reporters.JUnitXMLReporter -->
<testsuite ignored="0" hostname="DESKTOP-5A4UTNH" failures="0" tests="5" name="Open Cart Home Page Test" time="24.214" errors="0" timestamp="2024-09-13T22:59:23 IST">
  <testcase classname="com.qa.opencart.tests.HomePageTest" name="homePageTitleTest" time="0.137"/>
  <testcase classname="com.qa.opencart.tests.HomePageTest" name="homePageUrlTest" time="0.011"/>
  <testcase classname="com.qa.opencart.tests.HomePageTest" name="searchTest" time="1.755"/>
  <testcase classname="com.qa.opencart.tests.HomePageTest" name="searchTest" time="0.828"/>
  <testcase classname="com.qa.opencart.tests.HomePageTest" name="searchTest" time="0.747"/>
</testsuite> <!-- Open Cart Home Page Test -->
