<?xml version="1.0" encoding="UTF-8"?>
<!-- Generated by org.testng.reporters.JUnitXMLReporter -->
<testsuite ignored="0" hostname="DESKTOP-5A4UTNH" failures="0" tests="5" name="Open Cart Home Page Test" time="18.38" errors="0" timestamp="2024-09-12T23:55:39 IST">
  <testcase classname="com.qa.opencart.tests.HomePageTest" name="homePageTitleTest" time="0.035"/>
  <testcase classname="com.qa.opencart.tests.HomePageTest" name="homePageUrlTest" time="0.006"/>
  <testcase classname="com.qa.opencart.tests.HomePageTest" name="searchTest" time="1.638"/>
  <testcase classname="com.qa.opencart.tests.HomePageTest" name="searchTest" time="0.59"/>
  <testcase classname="com.qa.opencart.tests.HomePageTest" name="searchTest" time="0.617"/>
</testsuite> <!-- Open Cart Home Page Test -->
